<?xml version="1.0" encoding="UTF-8"?>
<testsuite xmlns:xsi="http://www.w3.org/2001/XMLSchema-instance" xsi:noNamespaceSchemaLocation="https://maven.apache.org/surefire/maven-surefire-plugin/xsd/surefire-test-report-3.0.xsd" version="3.0" name="tests.model.TaskTest" time="0.001" tests="1" errors="0" skipped="0" failures="0">
  <properties>
[...]
</properties>
  <testcase name="testTaskCreation" classname="tests.model.TaskTest" time="0.001">
    <system-out><![CDATA[2023-02-12 10:10
2023-02-12 10:10
]]></system-out>
  </testcase>
</testsuite>